cmd/agent/main.go:22:2: package internal/ai is not in std (/data/data/com.termux/files/usr/lib/go/src/internal/ai)
cmd/control-plane/main.go:13:2: package aggregation is not in std (/data/data/com.termux/files/usr/lib/go/src/aggregation)
cmd/control-plane/main.go:35:2: package ai is not in std (/data/data/com.termux/files/usr/lib/go/src/ai)
cmd/control-plane/main.go:20:2: package connectors is not in std (/data/data/com.termux/files/usr/lib/go/src/connectors)
cmd/control-plane/main.go:22:2: package internal/auto_development is not in std (/data/data/com.termux/files/usr/lib/go/src/internal/auto_development)
cmd/control-plane/main.go:33:2: package internal/billing is not in std (/data/data/com.termux/files/usr/lib/go/src/internal/billing)
cmd/control-plane/main.go:26:2: package internal/geo is not in std (/data/data/com.termux/files/usr/lib/go/src/internal/geo)
cmd/control-plane/main.go:28:2: package internal/identity is not in std (/data/data/com.termux/files/usr/lib/go/src/internal/identity)
cmd/control-plane/main.go:29:2: package internal/marketplace is not in std (/data/data/com.termux/files/usr/lib/go/src/internal/marketplace)
cmd/control-plane/main.go:25:2: package internal/monitoring is not in std (/data/data/com.termux/files/usr/lib/go/src/internal/monitoring)
cmd/control-plane/main.go:32:2: package internal/network is not in std (/data/data/com.termux/files/usr/lib/go/src/internal/network)
cmd/control-plane/main.go:30:2: package internal/policy is not in std (/data/data/com.termux/files/usr/lib/go/src/internal/policy)
cmd/control-plane/main.go:31:2: package internal/quantum is not in std (/data/data/com.termux/files/usr/lib/go/src/internal/quantum)
cmd/control-plane/main.go:27:2: package internal/scaling is not in std (/data/data/com.termux/files/usr/lib/go/src/internal/scaling)
cmd/control-plane/main.go:23:2: package internal/security is not in std (/data/data/com.termux/files/usr/lib/go/src/internal/security)
cmd/control-plane/main.go:24:2: package internal/testing is not in std (/data/data/com.termux/files/usr/lib/go/src/internal/testing)
cmd/control-plane/main.go:16:2: package microtasking is not in std (/data/data/com.termux/files/usr/lib/go/src/microtasking)
cmd/control-plane/main.go:18:2: package qos is not in std (/data/data/com.termux/files/usr/lib/go/src/qos)
cmd/control-plane/main.go:14:2: package scheduler is not in std (/data/data/com.termux/files/usr/lib/go/src/scheduler)
cmd/control-plane/main.go:19:2: package selfhealing is not in std (/data/data/com.termux/files/usr/lib/go/src/selfhealing)
cmd/control-plane/main.go:15:2: package storage is not in std (/data/data/com.termux/files/usr/lib/go/src/storage)
cmd/control-plane/main.go:17:2: package telemetry is not in std (/data/data/com.termux/files/usr/lib/go/src/telemetry)
cmd/keystore-rotator/main.go:8:2: package konrotaharai-netizen/internal/secstore is not in std (/data/data/com.termux/files/usr/lib/go/src/konrotaharai-netizen/internal/secstore)
cmd/security-agent/main.go:14:2: package konrotaharai-netizen/internal/bootstrap is not in std (/data/data/com.termux/files/usr/lib/go/src/konrotaharai-netizen/internal/bootstrap)
cmd/security-agent/main.go:15:2: package konrotaharai-netizen/internal/cryptoengine is not in std (/data/data/com.termux/files/usr/lib/go/src/konrotaharai-netizen/internal/cryptoengine)
cmd/security-agent/main.go:16:2: package konrotaharai-netizen/internal/ebpf is not in std (/data/data/com.termux/files/usr/lib/go/src/konrotaharai-netizen/internal/ebpf)
cmd/security-agent/main.go:17:2: package konrotaharai-netizen/internal/execwatcher is not in std (/data/data/com.termux/files/usr/lib/go/src/konrotaharai-netizen/internal/execwatcher)
cmd/security-agent/main.go:18:2: package konrotaharai-netizen/internal/logging is not in std (/data/data/com.termux/files/usr/lib/go/src/konrotaharai-netizen/internal/logging)
cmd/security-agent/main.go:19:2: package konrotaharai-netizen/internal/monitoring is not in std (/data/data/com.termux/files/usr/lib/go/src/konrotaharai-netizen/internal/monitoring)
cmd/security-agent/main.go:21:2: package konrotaharai-netizen/internal/security is not in std (/data/data/com.termux/files/usr/lib/go/src/konrotaharai-netizen/internal/security)
internal/ai/ai_orchestrator.go:23:2: package communication is not in std (/data/data/com.termux/files/usr/lib/go/src/communication)
internal/ai/ai_orchestrator.go:22:2: package security is not in std (/data/data/com.termux/files/usr/lib/go/src/security)
internal/ai/ai_orchestrator.go:24:2: package training is not in std (/data/data/com.termux/files/usr/lib/go/src/training)
internal/api/mtls_server.go:13:2: package konrotaharai-netizen/internal/tlsutil is not in std (/data/data/com.termux/files/usr/lib/go/src/konrotaharai-netizen/internal/tlsutil)
internal/secstore/kms_pkcs11_adapter.go:7:2: package konrotaharai-netizen/internal/transit is not in std (/data/data/com.termux/files/usr/lib/go/src/konrotaharai-netizen/internal/transit)
internal/server/server.go:15:2: package nebula/internal/services is not in std (/data/data/com.termux/files/usr/lib/go/src/nebula/internal/services)
internal/services/service.go:13:2: package nebula/internal/store is not in std (/data/data/com.termux/files/usr/lib/go/src/nebula/internal/store)
